<?xml version="1.0" encoding="UTF-8"?>
<!-- Generated by org.testng.reporters.JUnitReportReporter -->
<testsuite skipped="0" hostname="ICPL13449" name="com.mst.appium.andTest.ContactTest" tests="1" failures="0" timestamp="08 Aug 2019 08:04:48 GMT" time="0.004" errors="0">
  <testcase name="verifyDeletContact" time="0.004" classname="com.mst.appium.andTest.ContactTest"/>
</testsuite> <!-- com.mst.appium.andTest.ContactTest -->
