<?xml version="1.0" encoding="UTF-8"?>
<!-- Generated by org.testng.reporters.JUnitReportReporter -->
<testsuite skipped="0" hostname="ICPL13449" name="com.mst.appium.test.MakeCallTest" tests="1" failures="0" timestamp="08 Aug 2019 05:52:13 GMT" time="0.005" errors="0">
  <testcase name="makeCall" time="0.005" classname="com.mst.appium.test.MakeCallTest"/>
</testsuite> <!-- com.mst.appium.test.MakeCallTest -->
