<?xml version="1.0" encoding="UTF-8"?>
<!-- Generated by org.testng.reporters.JUnitReportReporter -->
<testsuite skipped="0" hostname="ICPL13449" name="com.mst.appium.calling.ContactTest" tests="1" failures="0" timestamp="10 Aug 2019 06:43:30 GMT" time="0.005" errors="0">
  <testcase name="verifyDeletContact" time="0.005" classname="com.mst.appium.calling.ContactTest"/>
</testsuite> <!-- com.mst.appium.calling.ContactTest -->
