<?xml version="1.0" encoding="UTF-8"?>
<!-- Generated by org.testng.reporters.JUnitReportReporter -->
<testsuite skipped="0" hostname="ICPL13449" name="com.mst.appium.calling.CallingTest" tests="3" failures="0" timestamp="10 Aug 2019 06:41:31 GMT" time="0.007" errors="0">
  <testcase name="verifyShortCode" time="0.001" classname="com.mst.appium.calling.CallingTest"/>
  <testcase name="verifyShortCode" time="0.001" classname="com.mst.appium.calling.CallingTest"/>
  <testcase name="verifyCalling" time="0.005" classname="com.mst.appium.calling.CallingTest"/>
</testsuite> <!-- com.mst.appium.calling.CallingTest -->
