<?xml version="1.0" encoding="UTF-8"?>
<!-- Generated by org.testng.reporters.JUnitReportReporter -->
<testsuite skipped="1" hostname="ICPL13449" name="com.mst.appium.utilities.ExcelReader" tests="1" failures="0" timestamp="08 Aug 2019 17:47:39 GMT" time="0.000" errors="0">
  <testcase name="verifyShortCode" time="0.000" classname="com.mst.appium.utilities.ExcelReader">
    <skipped/>
  </testcase> <!-- verifyShortCode -->
</testsuite> <!-- com.mst.appium.utilities.ExcelReader -->
